# JRE version: OpenJDK Runtime Environment (11.0.8+10) (build 11.0.8+10-b944.6842174)
# Java VM: OpenJDK 64-Bit Server VM (11.0.8+10-b944.6842174, mixed mode, tiered, compressed oops, g1 gc, windows-amd64)
Heap:
 garbage-first heap   total 260096K, used 118620K [0x0000000080000000, 0x0000000100000000)
  region size 1024K, 34 young (34816K), 6 survivors (6144K)
 Metaspace       used 92232K, capacity 94454K, committed 94576K, reserved 1132544K
  class space    used 11335K, capacity 12108K, committed 12108K, reserved 1048576K
GC Heap History (20 events):
Event: 6.500 GC heap before
{Heap before GC invocations=4 (full 0):
 garbage-first heap   total 260096K, used 58833K [0x0000000080000000, 0x0000000100000000)
  region size 1024K, 44 young (45056K), 3 survivors (3072K)
 Metaspace       used 34943K, capacity 35677K, committed 35708K, reserved 1081344K
  class space    used 4545K, capacity 4849K, committed 4864K, reserved 1048576K
}
Event: 6.510 GC heap after
{Heap after GC invocations=5 (full 0):
 garbage-first heap   total 260096K, used 21476K [0x0000000080000000, 0x0000000100000000)
  region size 1024K, 6 young (6144K), 6 survivors (6144K)
 Metaspace       used 34943K, capacity 35677K, committed 35708K, reserved 1081344K
  class space    used 4545K, capacity 4849K, committed 4864K, reserved 1048576K
}
Event: 7.907 GC heap before
{Heap before GC invocations=6 (full 0):
 garbage-first heap   total 260096K, used 144356K [0x0000000080000000, 0x0000000100000000)
  region size 1024K, 123 young (125952K), 6 survivors (6144K)
 Metaspace       used 44178K, capacity 45249K, committed 45436K, reserved 1089536K
  class space    used 5674K, capacity 6054K, committed 6144K, reserved 1048576K
}
Event: 7.917 GC heap after
{Heap after GC invocations=7 (full 0):
 garbage-first heap   total 260096K, used 27304K [0x0000000080000000, 0x0000000100000000)
  region size 1024K, 11 young (11264K), 11 survivors (11264K)
 Metaspace       used 44178K, capacity 45249K, committed 45436K, reserved 1089536K
  class space    used 5674K, capacity 6054K, committed 6144K, reserved 1048576K
}
Event: 9.552 GC heap before
{Heap before GC invocations=7 (full 0):
 garbage-first heap   total 260096K, used 173736K [0x0000000080000000, 0x0000000100000000)
  region size 1024K, 152 young (155648K), 11 survivors (11264K)
 Metaspace       used 58420K, capacity 59822K, committed 59940K, reserved 1101824K
  class space    used 7420K, capacity 7918K, committed 7936K, reserved 1048576K
}
Event: 9.589 GC heap after
{Heap after GC invocations=8 (full 0):
 garbage-first heap   total 260096K, used 43008K [0x0000000080000000, 0x0000000100000000)
  region size 1024K, 19 young (19456K), 19 survivors (19456K)
 Metaspace       used 58420K, capacity 59822K, committed 59940K, reserved 1101824K
  class space    used 7420K, capacity 7918K, committed 7936K, reserved 1048576K
}
Event: 11.347 GC heap before
{Heap before GC invocations=9 (full 0):
 garbage-first heap   total 260096K, used 179200K [0x0000000080000000, 0x0000000100000000)
  region size 1024K, 152 young (155648K), 19 survivors (19456K)
 Metaspace       used 71344K, capacity 73028K, committed 73328K, reserved 1112064K
  class space    used 9368K, capacity 9985K, committed 10060K, reserved 1048576K
}
Event: 11.367 GC heap after
{Heap after GC invocations=10 (full 0):
 garbage-first heap   total 260096K, used 52769K [0x0000000080000000, 0x0000000100000000)
  region size 1024K, 10 young (10240K), 10 survivors (10240K)
 Metaspace       used 71344K, capacity 73028K, committed 73328K, reserved 1112064K
  class space    used 9368K, capacity 9985K, committed 10060K, reserved 1048576K
}
Event: 13.597 GC heap before
{Heap before GC invocations=10 (full 0):
 garbage-first heap   total 260096K, used 186913K [0x0000000080000000, 0x0000000100000000)
  region size 1024K, 142 young (145408K), 10 survivors (10240K)
 Metaspace       used 76681K, capacity 78559K, committed 78576K, reserved 1118208K
  class space    used 9967K, capacity 10687K, committed 10700K, reserved 1048576K
}
Event: 13.613 GC heap after
{Heap after GC invocations=11 (full 0):
 garbage-first heap   total 260096K, used 62044K [0x0000000080000000, 0x0000000100000000)
  region size 1024K, 18 young (18432K), 18 survivors (18432K)
 Metaspace       used 76681K, capacity 78559K, committed 78576K, reserved 1118208K
  class space    used 9967K, capacity 10687K, committed 10700K, reserved 1048576K
}
Event: 15.889 GC heap before
{Heap before GC invocations=11 (full 0):
 garbage-first heap   total 260096K, used 215644K [0x0000000080000000, 0x0000000100000000)
  region size 1024K, 146 young (149504K), 18 survivors (18432K)
 Metaspace       used 77945K, capacity 79893K, committed 79984K, reserved 1118208K
  class space    used 10064K, capacity 10773K, committed 10828K, reserved 1048576K
}
Event: 15.917 GC heap after
{Heap after GC invocations=12 (full 0):
 garbage-first heap   total 260096K, used 81126K [0x0000000080000000, 0x0000000100000000)
  region size 1024K, 19 young (19456K), 19 survivors (19456K)
 Metaspace       used 77945K, capacity 79893K, committed 79984K, reserved 1118208K
  class space    used 10064K, capacity 10773K, committed 10828K, reserved 1048576K
}
Event: 16.914 GC heap before
{Heap before GC invocations=12 (full 0):
 garbage-first heap   total 260096K, used 211174K [0x0000000080000000, 0x0000000100000000)
  region size 1024K, 131 young (134144K), 19 survivors (19456K)
 Metaspace       used 82722K, capacity 84649K, committed 84976K, reserved 1124352K
  class space    used 10440K, capacity 11138K, committed 11212K, reserved 1048576K
}
Event: 16.930 GC heap after
{Heap after GC invocations=13 (full 0):
 garbage-first heap   total 260096K, used 83799K [0x0000000080000000, 0x0000000100000000)
  region size 1024K, 3 young (3072K), 3 survivors (3072K)
 Metaspace       used 82722K, capacity 84649K, committed 84976K, reserved 1124352K
  class space    used 10440K, capacity 11138K, committed 11212K, reserved 1048576K
}
Event: 18.092 GC heap before
{Heap before GC invocations=13 (full 0):
 garbage-first heap   total 260096K, used 199511K [0x0000000080000000, 0x0000000100000000)
  region size 1024K, 117 young (119808K), 3 survivors (3072K)
 Metaspace       used 87080K, capacity 89137K, committed 89328K, reserved 1126400K
  class space    used 10960K, capacity 11689K, committed 11724K, reserved 1048576K
}
Event: 18.099 GC heap after
{Heap after GC invocations=14 (full 0):
 garbage-first heap   total 260096K, used 87250K [0x0000000080000000, 0x0000000100000000)
  region size 1024K, 7 young (7168K), 7 survivors (7168K)
 Metaspace       used 87080K, capacity 89137K, committed 89328K, reserved 1126400K
  class space    used 10960K, capacity 11689K, committed 11724K, reserved 1048576K
}
Event: 26.470 GC heap before
{Heap before GC invocations=14 (full 0):
 garbage-first heap   total 260096K, used 202962K [0x0000000080000000, 0x0000000100000000)
  region size 1024K, 121 young (123904K), 7 survivors (7168K)
 Metaspace       used 91628K, capacity 93872K, committed 94064K, reserved 1132544K
  class space    used 11320K, capacity 12086K, committed 12108K, reserved 1048576K
}
Event: 26.483 GC heap after
{Heap after GC invocations=15 (full 0):
 garbage-first heap   total 260096K, used 94582K [0x0000000080000000, 0x0000000100000000)
  region size 1024K, 14 young (14336K), 14 survivors (14336K)
 Metaspace       used 91628K, capacity 93872K, committed 94064K, reserved 1132544K
  class space    used 11320K, capacity 12086K, committed 12108K, reserved 1048576K
}
Event: 43.735 GC heap before
{Heap before GC invocations=15 (full 0):
 garbage-first heap   total 260096K, used 206198K [0x0000000080000000, 0x0000000100000000)
  region size 1024K, 124 young (126976K), 14 survivors (14336K)
 Metaspace       used 91912K, capacity 94182K, committed 94320K, reserved 1132544K
  class space    used 11326K, capacity 12093K, committed 12108K, reserved 1048576K
}
Event: 43.746 GC heap after
{Heap after GC invocations=16 (full 0):
 garbage-first heap   total 260096K, used 91996K [0x0000000080000000, 0x0000000100000000)
  region size 1024K, 6 young (6144K), 6 survivors (6144K)
 Metaspace       used 91912K, capacity 94182K, committed 94320K, reserved 1132544K
  class space    used 11326K, capacity 12093K, committed 12108K, reserved 1048576K
}

