# JRE version: OpenJDK Runtime Environment (11.0.8+10) (build 11.0.8+10-b944.6842174)
# Java VM: OpenJDK 64-Bit Server VM (11.0.8+10-b944.6842174, mixed mode, tiered, compressed oops, g1 gc, windows-amd64)
Heap:
 garbage-first heap   total 260096K, used 141292K [0x0000000080000000, 0x0000000100000000)
  region size 1024K, 54 young (55296K), 12 survivors (12288K)
 Metaspace       used 102610K, capacity 105192K, committed 105328K, reserved 1140736K
  class space    used 12686K, capacity 13590K, committed 13644K, reserved 1048576K
GC Heap History (20 events):
Event: 9.542 GC heap before
{Heap before GC invocations=8 (full 0):
 garbage-first heap   total 260096K, used 50066K [0x0000000080000000, 0x0000000100000000)
  region size 1024K, 27 young (27648K), 19 survivors (19456K)
 Metaspace       used 58423K, capacity 59836K, committed 59940K, reserved 1101824K
  class space    used 7424K, capacity 7922K, committed 7936K, reserved 1048576K
}
Event: 9.575 GC heap after
{Heap after GC invocations=9 (full 0):
 garbage-first heap   total 260096K, used 45728K [0x0000000080000000, 0x0000000100000000)
  region size 1024K, 3 young (3072K), 3 survivors (3072K)
 Metaspace       used 58423K, capacity 59836K, committed 59940K, reserved 1101824K
  class space    used 7424K, capacity 7922K, committed 7936K, reserved 1048576K
}
Event: 10.751 GC heap before
{Heap before GC invocations=10 (full 0):
 garbage-first heap   total 260096K, used 131744K [0x0000000080000000, 0x0000000100000000)
  region size 1024K, 87 young (89088K), 3 survivors (3072K)
 Metaspace       used 65878K, capacity 67506K, committed 67696K, reserved 1107968K
  class space    used 8603K, capacity 9183K, committed 9292K, reserved 1048576K
}
Event: 10.764 GC heap after
{Heap after GC invocations=11 (full 0):
 garbage-first heap   total 260096K, used 49308K [0x0000000080000000, 0x0000000100000000)
  region size 1024K, 7 young (7168K), 7 survivors (7168K)
 Metaspace       used 65878K, capacity 67506K, committed 67696K, reserved 1107968K
  class space    used 8603K, capacity 9183K, committed 9292K, reserved 1048576K
}
Event: 12.164 GC heap before
{Heap before GC invocations=12 (full 0):
 garbage-first heap   total 260096K, used 142492K [0x0000000080000000, 0x0000000100000000)
  region size 1024K, 99 young (101376K), 7 survivors (7168K)
 Metaspace       used 74925K, capacity 76829K, committed 77168K, reserved 1116160K
  class space    used 9806K, capacity 10484K, committed 10572K, reserved 1048576K
}
Event: 12.177 GC heap after
{Heap after GC invocations=13 (full 0):
 garbage-first heap   total 260096K, used 55371K [0x0000000080000000, 0x0000000100000000)
  region size 1024K, 13 young (13312K), 13 survivors (13312K)
 Metaspace       used 74925K, capacity 76829K, committed 77168K, reserved 1116160K
  class space    used 9806K, capacity 10484K, committed 10572K, reserved 1048576K
}
Event: 13.339 GC heap before
{Heap before GC invocations=13 (full 0):
 garbage-first heap   total 260096K, used 153675K [0x0000000080000000, 0x0000000100000000)
  region size 1024K, 110 young (112640K), 13 survivors (13312K)
 Metaspace       used 75963K, capacity 77837K, committed 77936K, reserved 1116160K
  class space    used 9842K, capacity 10508K, committed 10572K, reserved 1048576K
}
Event: 13.354 GC heap after
{Heap after GC invocations=14 (full 0):
 garbage-first heap   total 260096K, used 60934K [0x0000000080000000, 0x0000000100000000)
  region size 1024K, 12 young (12288K), 12 survivors (12288K)
 Metaspace       used 75963K, capacity 77837K, committed 77936K, reserved 1116160K
  class space    used 9842K, capacity 10508K, committed 10572K, reserved 1048576K
}
Event: 14.259 GC heap before
{Heap before GC invocations=14 (full 0):
 garbage-first heap   total 260096K, used 164358K [0x0000000080000000, 0x0000000100000000)
  region size 1024K, 114 young (116736K), 12 survivors (12288K)
 Metaspace       used 79107K, capacity 81046K, committed 81264K, reserved 1120256K
  class space    used 10260K, capacity 10972K, committed 11084K, reserved 1048576K
}
Event: 14.271 GC heap after
{Heap after GC invocations=15 (full 0):
 garbage-first heap   total 260096K, used 66059K [0x0000000080000000, 0x0000000100000000)
  region size 1024K, 11 young (11264K), 11 survivors (11264K)
 Metaspace       used 79107K, capacity 81046K, committed 81264K, reserved 1120256K
  class space    used 10260K, capacity 10972K, committed 11084K, reserved 1048576K
}
Event: 131.354 GC heap before
{Heap before GC invocations=15 (full 0):
 garbage-first heap   total 260096K, used 204299K [0x0000000080000000, 0x0000000100000000)
  region size 1024K, 118 young (120832K), 11 survivors (11264K)
 Metaspace       used 86060K, capacity 88165K, committed 88304K, reserved 1126400K
  class space    used 10920K, capacity 11694K, committed 11724K, reserved 1048576K
}
Event: 131.367 GC heap after
{Heap after GC invocations=16 (full 0):
 garbage-first heap   total 260096K, used 72190K [0x0000000080000000, 0x0000000100000000)
  region size 1024K, 12 young (12288K), 12 survivors (12288K)
 Metaspace       used 86060K, capacity 88165K, committed 88304K, reserved 1126400K
  class space    used 10920K, capacity 11694K, committed 11724K, reserved 1048576K
}
Event: 133.145 GC heap before
{Heap before GC invocations=16 (full 0):
 garbage-first heap   total 260096K, used 215550K [0x0000000080000000, 0x0000000100000000)
  region size 1024K, 120 young (122880K), 12 survivors (12288K)
 Metaspace       used 89981K, capacity 92156K, committed 92400K, reserved 1130496K
  class space    used 11317K, capacity 12118K, committed 12236K, reserved 1048576K
}
Event: 133.157 GC heap after
{Heap after GC invocations=17 (full 0):
 garbage-first heap   total 260096K, used 74513K [0x0000000080000000, 0x0000000100000000)
  region size 1024K, 10 young (10240K), 10 survivors (10240K)
 Metaspace       used 89981K, capacity 92156K, committed 92400K, reserved 1130496K
  class space    used 11317K, capacity 12118K, committed 12236K, reserved 1048576K
}
Event: 136.287 GC heap before
{Heap before GC invocations=17 (full 0):
 garbage-first heap   total 260096K, used 188177K [0x0000000080000000, 0x0000000100000000)
  region size 1024K, 122 young (124928K), 10 survivors (10240K)
 Metaspace       used 91569K, capacity 93742K, committed 94064K, reserved 1130496K
  class space    used 11460K, capacity 12238K, committed 12364K, reserved 1048576K
}
Event: 136.303 GC heap after
{Heap after GC invocations=18 (full 0):
 garbage-first heap   total 260096K, used 80424K [0x0000000080000000, 0x0000000100000000)
  region size 1024K, 9 young (9216K), 9 survivors (9216K)
 Metaspace       used 91569K, capacity 93742K, committed 94064K, reserved 1130496K
  class space    used 11460K, capacity 12238K, committed 12364K, reserved 1048576K
}
Event: 138.176 GC heap before
{Heap before GC invocations=18 (full 0):
 garbage-first heap   total 260096K, used 196136K [0x0000000080000000, 0x0000000100000000)
  region size 1024K, 121 young (123904K), 9 survivors (9216K)
 Metaspace       used 99954K, capacity 102314K, committed 102512K, reserved 1138688K
  class space    used 12471K, capacity 13306K, committed 13388K, reserved 1048576K
}
Event: 138.196 GC heap after
{Heap after GC invocations=19 (full 0):
 garbage-first heap   total 260096K, used 92763K [0x0000000080000000, 0x0000000100000000)
  region size 1024K, 16 young (16384K), 16 survivors (16384K)
 Metaspace       used 99954K, capacity 102314K, committed 102512K, reserved 1138688K
  class space    used 12471K, capacity 13306K, committed 13388K, reserved 1048576K
}
Event: 785.522 GC heap before
{Heap before GC invocations=19 (full 0):
 garbage-first heap   total 260096K, used 196187K [0x0000000080000000, 0x0000000100000000)
  region size 1024K, 118 young (120832K), 16 survivors (16384K)
 Metaspace       used 102559K, capacity 105127K, committed 105328K, reserved 1140736K
  class space    used 12685K, capacity 13590K, committed 13644K, reserved 1048576K
}
Event: 785.540 GC heap after
{Heap after GC invocations=20 (full 0):
 garbage-first heap   total 260096K, used 98284K [0x0000000080000000, 0x0000000100000000)
  region size 1024K, 12 young (12288K), 12 survivors (12288K)
 Metaspace       used 102559K, capacity 105127K, committed 105328K, reserved 1140736K
  class space    used 12685K, capacity 13590K, committed 13644K, reserved 1048576K
}

