# JRE version: OpenJDK Runtime Environment (11.0.8+10) (build 11.0.8+10-b944.6842174)
# Java VM: OpenJDK 64-Bit Server VM (11.0.8+10-b944.6842174, mixed mode, tiered, compressed oops, g1 gc, windows-amd64)
Heap:
 garbage-first heap   total 384000K, used 232237K [0x0000000080000000, 0x0000000100000000)
  region size 1024K, 3 young (3072K), 3 survivors (3072K)
 Metaspace       used 123069K, capacity 125940K, committed 126628K, reserved 1159168K
  class space    used 15337K, capacity 16398K, committed 16512K, reserved 1048576K
GC Heap History (20 events):
Event: 2435.291 GC heap after
{Heap after GC invocations=35 (full 0):
 garbage-first heap   total 266240K, used 205359K [0x0000000080000000, 0x0000000100000000)
  region size 1024K, 2 young (2048K), 2 survivors (2048K)
 Metaspace       used 117035K, capacity 119622K, committed 121252K, reserved 1155072K
  class space    used 14666K, capacity 15596K, committed 16000K, reserved 1048576K
}
Event: 2435.464 GC heap before
{Heap before GC invocations=35 (full 0):
 garbage-first heap   total 266240K, used 226863K [0x0000000080000000, 0x0000000100000000)
  region size 1024K, 22 young (22528K), 2 survivors (2048K)
 Metaspace       used 117050K, capacity 119643K, committed 121252K, reserved 1155072K
  class space    used 14671K, capacity 15603K, committed 16000K, reserved 1048576K
}
Event: 2435.473 GC heap after
{Heap after GC invocations=36 (full 0):
 garbage-first heap   total 266240K, used 208474K [0x0000000080000000, 0x0000000100000000)
  region size 1024K, 3 young (3072K), 3 survivors (3072K)
 Metaspace       used 117050K, capacity 119643K, committed 121252K, reserved 1155072K
  class space    used 14671K, capacity 15603K, committed 16000K, reserved 1048576K
}
Event: 2435.716 GC heap before
{Heap before GC invocations=36 (full 0):
 garbage-first heap   total 266240K, used 232026K [0x0000000080000000, 0x0000000100000000)
  region size 1024K, 22 young (22528K), 3 survivors (3072K)
 Metaspace       used 117190K, capacity 119832K, committed 121252K, reserved 1155072K
  class space    used 14687K, capacity 15642K, committed 16000K, reserved 1048576K
}
Event: 2435.724 GC heap after
{Heap after GC invocations=37 (full 0):
 garbage-first heap   total 319488K, used 215544K [0x0000000080000000, 0x0000000100000000)
  region size 1024K, 3 young (3072K), 3 survivors (3072K)
 Metaspace       used 117190K, capacity 119832K, committed 121252K, reserved 1155072K
  class space    used 14687K, capacity 15642K, committed 16000K, reserved 1048576K
}
Event: 2435.853 GC heap before
{Heap before GC invocations=37 (full 0):
 garbage-first heap   total 319488K, used 252408K [0x0000000080000000, 0x0000000100000000)
  region size 1024K, 41 young (41984K), 3 survivors (3072K)
 Metaspace       used 117190K, capacity 119832K, committed 121252K, reserved 1155072K
  class space    used 14687K, capacity 15642K, committed 16000K, reserved 1048576K
}
Event: 2435.865 GC heap after
{Heap after GC invocations=38 (full 0):
 garbage-first heap   total 319488K, used 220572K [0x0000000080000000, 0x0000000100000000)
  region size 1024K, 6 young (6144K), 6 survivors (6144K)
 Metaspace       used 117190K, capacity 119832K, committed 121252K, reserved 1155072K
  class space    used 14687K, capacity 15642K, committed 16000K, reserved 1048576K
}
Event: 2436.300 GC heap before
{Heap before GC invocations=39 (full 0):
 garbage-first heap   total 319488K, used 267676K [0x0000000080000000, 0x0000000100000000)
  region size 1024K, 43 young (44032K), 6 survivors (6144K)
 Metaspace       used 117351K, capacity 119973K, committed 121508K, reserved 1155072K
  class space    used 14692K, capacity 15646K, committed 16000K, reserved 1048576K
}
Event: 2436.307 GC heap after
{Heap after GC invocations=40 (full 0):
 garbage-first heap   total 319488K, used 230945K [0x0000000080000000, 0x0000000100000000)
  region size 1024K, 1 young (1024K), 1 survivors (1024K)
 Metaspace       used 117351K, capacity 119973K, committed 121508K, reserved 1155072K
  class space    used 14692K, capacity 15646K, committed 16000K, reserved 1048576K
}
Event: 2436.709 GC heap before
{Heap before GC invocations=40 (full 0):
 garbage-first heap   total 319488K, used 251425K [0x0000000080000000, 0x0000000100000000)
  region size 1024K, 22 young (22528K), 1 survivors (1024K)
 Metaspace       used 117504K, capacity 120155K, committed 121508K, reserved 1155072K
  class space    used 14709K, capacity 15675K, committed 16000K, reserved 1048576K
}
Event: 2436.711 GC heap after
{Heap after GC invocations=41 (full 0):
 garbage-first heap   total 319488K, used 230511K [0x0000000080000000, 0x0000000100000000)
  region size 1024K, 1 young (1024K), 1 survivors (1024K)
 Metaspace       used 117504K, capacity 120155K, committed 121508K, reserved 1155072K
  class space    used 14709K, capacity 15675K, committed 16000K, reserved 1048576K
}
Event: 2438.518 GC heap before
{Heap before GC invocations=42 (full 0):
 garbage-first heap   total 319488K, used 282735K [0x0000000080000000, 0x0000000100000000)
  region size 1024K, 36 young (36864K), 1 survivors (1024K)
 Metaspace       used 118575K, capacity 121261K, committed 122660K, reserved 1157120K
  class space    used 14815K, capacity 15786K, committed 16128K, reserved 1048576K
}
Event: 2438.525 GC heap after
{Heap after GC invocations=43 (full 0):
 garbage-first heap   total 319488K, used 224622K [0x0000000080000000, 0x0000000100000000)
  region size 1024K, 5 young (5120K), 5 survivors (5120K)
 Metaspace       used 118575K, capacity 121261K, committed 122660K, reserved 1157120K
  class space    used 14815K, capacity 15786K, committed 16128K, reserved 1048576K
}
Event: 2438.614 GC heap before
{Heap before GC invocations=43 (full 0):
 garbage-first heap   total 319488K, used 233838K [0x0000000080000000, 0x0000000100000000)
  region size 1024K, 15 young (15360K), 5 survivors (5120K)
 Metaspace       used 118631K, capacity 121325K, committed 122660K, reserved 1157120K
  class space    used 14815K, capacity 15786K, committed 16128K, reserved 1048576K
}
Event: 2438.621 GC heap after
{Heap after GC invocations=44 (full 0):
 garbage-first heap   total 319488K, used 217775K [0x0000000080000000, 0x0000000100000000)
  region size 1024K, 1 young (1024K), 1 survivors (1024K)
 Metaspace       used 118631K, capacity 121325K, committed 122660K, reserved 1157120K
  class space    used 14815K, capacity 15786K, committed 16128K, reserved 1048576K
}
Event: 2439.391 GC heap before
{Heap before GC invocations=44 (full 0):
 garbage-first heap   total 319488K, used 262831K [0x0000000080000000, 0x0000000100000000)
  region size 1024K, 42 young (43008K), 1 survivors (1024K)
 Metaspace       used 119301K, capacity 121991K, committed 123172K, reserved 1157120K
  class space    used 14898K, capacity 15890K, committed 16128K, reserved 1048576K
}
Event: 2439.395 GC heap after
{Heap after GC invocations=45 (full 0):
 garbage-first heap   total 319488K, used 219587K [0x0000000080000000, 0x0000000100000000)
  region size 1024K, 3 young (3072K), 3 survivors (3072K)
 Metaspace       used 119301K, capacity 121991K, committed 123172K, reserved 1157120K
  class space    used 14898K, capacity 15890K, committed 16128K, reserved 1048576K
}
Event: 2439.803 GC heap before
{Heap before GC invocations=45 (full 0):
 garbage-first heap   total 319488K, used 262595K [0x0000000080000000, 0x0000000100000000)
  region size 1024K, 46 young (47104K), 3 survivors (3072K)
 Metaspace       used 122173K, capacity 125079K, committed 125860K, reserved 1159168K
  class space    used 15272K, capacity 16329K, committed 16512K, reserved 1048576K
}
Event: 2439.816 GC heap after
{Heap after GC invocations=46 (full 0):
 garbage-first heap   total 319488K, used 229673K [0x0000000080000000, 0x0000000100000000)
  region size 1024K, 6 young (6144K), 6 survivors (6144K)
 Metaspace       used 122173K, capacity 125079K, committed 125860K, reserved 1159168K
  class space    used 15272K, capacity 16329K, committed 16512K, reserved 1048576K
}
Event: 2440.418 GC heap before
{Heap before GC invocations=46 (full 0):
 garbage-first heap   total 319488K, used 267561K [0x0000000080000000, 0x0000000100000000)
  region size 1024K, 43 young (44032K), 6 survivors (6144K)
 Metaspace       used 123069K, capacity 125940K, committed 126628K, reserved 1159168K
  class space    used 15337K, capacity 16398K, committed 16512K, reserved 1048576K
}

