# JRE version: OpenJDK Runtime Environment (11.0.8+10) (build 11.0.8+10-b944.6842174)
# Java VM: OpenJDK 64-Bit Server VM (11.0.8+10-b944.6842174, mixed mode, tiered, compressed oops, g1 gc, windows-amd64)
Heap:
 garbage-first heap   total 260096K, used 154333K [0x0000000080000000, 0x0000000100000000)
  region size 1024K, 111 young (113664K), 18 survivors (18432K)
 Metaspace       used 79145K, capacity 81109K, committed 81264K, reserved 1120256K
  class space    used 10268K, capacity 10963K, committed 11084K, reserved 1048576K
GC Heap History (16 events):
Event: 0.805 GC heap before
{Heap before GC invocations=0 (full 0):
 garbage-first heap   total 260096K, used 29696K [0x0000000080000000, 0x0000000100000000)
  region size 1024K, 24 young (24576K), 0 survivors (0K)
 Metaspace       used 10023K, capacity 10253K, committed 10368K, reserved 1058816K
  class space    used 1043K, capacity 1096K, committed 1152K, reserved 1048576K
}
Event: 0.810 GC heap after
{Heap after GC invocations=1 (full 0):
 garbage-first heap   total 260096K, used 9153K [0x0000000080000000, 0x0000000100000000)
  region size 1024K, 3 young (3072K), 3 survivors (3072K)
 Metaspace       used 10023K, capacity 10253K, committed 10368K, reserved 1058816K
  class space    used 1043K, capacity 1096K, committed 1152K, reserved 1048576K
}
Event: 4.460 GC heap before
{Heap before GC invocations=1 (full 0):
 garbage-first heap   total 260096K, used 112577K [0x0000000080000000, 0x0000000100000000)
  region size 1024K, 106 young (108544K), 3 survivors (3072K)
 Metaspace       used 20624K, capacity 21143K, committed 21296K, reserved 1069056K
  class space    used 2525K, capacity 2680K, committed 2688K, reserved 1048576K
}
Event: 4.470 GC heap after
{Heap after GC invocations=2 (full 0):
 garbage-first heap   total 260096K, used 16781K [0x0000000080000000, 0x0000000100000000)
  region size 1024K, 11 young (11264K), 11 survivors (11264K)
 Metaspace       used 20624K, capacity 21143K, committed 21296K, reserved 1069056K
  class space    used 2525K, capacity 2680K, committed 2688K, reserved 1048576K
}
Event: 4.949 GC heap before
{Heap before GC invocations=3 (full 0):
 garbage-first heap   total 260096K, used 61837K [0x0000000080000000, 0x0000000100000000)
  region size 1024K, 56 young (57344K), 11 survivors (11264K)
 Metaspace       used 25461K, capacity 26188K, committed 26288K, reserved 1073152K
  class space    used 3302K, capacity 3535K, committed 3584K, reserved 1048576K
}
Event: 4.958 GC heap after
{Heap after GC invocations=4 (full 0):
 garbage-first heap   total 260096K, used 18593K [0x0000000080000000, 0x0000000100000000)
  region size 1024K, 3 young (3072K), 3 survivors (3072K)
 Metaspace       used 25461K, capacity 26188K, committed 26288K, reserved 1073152K
  class space    used 3302K, capacity 3535K, committed 3584K, reserved 1048576K
}
Event: 5.872 GC heap before
{Heap before GC invocations=4 (full 0):
 garbage-first heap   total 260096K, used 81057K [0x0000000080000000, 0x0000000100000000)
  region size 1024K, 65 young (66560K), 3 survivors (3072K)
 Metaspace       used 34951K, capacity 35677K, committed 35708K, reserved 1081344K
  class space    used 4539K, capacity 4849K, committed 4864K, reserved 1048576K
}
Event: 5.881 GC heap after
{Heap after GC invocations=5 (full 0):
 garbage-first heap   total 260096K, used 21795K [0x0000000080000000, 0x0000000100000000)
  region size 1024K, 6 young (6144K), 6 survivors (6144K)
 Metaspace       used 34951K, capacity 35677K, committed 35708K, reserved 1081344K
  class space    used 4539K, capacity 4849K, committed 4864K, reserved 1048576K
}
Event: 7.338 GC heap before
{Heap before GC invocations=6 (full 0):
 garbage-first heap   total 260096K, used 152867K [0x0000000080000000, 0x0000000100000000)
  region size 1024K, 131 young (134144K), 6 survivors (6144K)
 Metaspace       used 44182K, capacity 45287K, committed 45436K, reserved 1089536K
  class space    used 5668K, capacity 6024K, committed 6144K, reserved 1048576K
}
Event: 7.349 GC heap after
{Heap after GC invocations=7 (full 0):
 garbage-first heap   total 260096K, used 28012K [0x0000000080000000, 0x0000000100000000)
  region size 1024K, 12 young (12288K), 12 survivors (12288K)
 Metaspace       used 44182K, capacity 45287K, committed 45436K, reserved 1089536K
  class space    used 5668K, capacity 6024K, committed 6144K, reserved 1048576K
}
Event: 9.011 GC heap before
{Heap before GC invocations=7 (full 0):
 garbage-first heap   total 260096K, used 172396K [0x0000000080000000, 0x0000000100000000)
  region size 1024K, 151 young (154624K), 12 survivors (12288K)
 Metaspace       used 58404K, capacity 59828K, committed 59940K, reserved 1101824K
  class space    used 7414K, capacity 7920K, committed 7936K, reserved 1048576K
}
Event: 9.042 GC heap after
{Heap after GC invocations=8 (full 0):
 garbage-first heap   total 260096K, used 43500K [0x0000000080000000, 0x0000000100000000)
  region size 1024K, 19 young (19456K), 19 survivors (19456K)
 Metaspace       used 58404K, capacity 59828K, committed 59940K, reserved 1101824K
  class space    used 7414K, capacity 7920K, committed 7936K, reserved 1048576K
}
Event: 10.859 GC heap before
{Heap before GC invocations=9 (full 0):
 garbage-first heap   total 260096K, used 179692K [0x0000000080000000, 0x0000000100000000)
  region size 1024K, 152 young (155648K), 19 survivors (19456K)
 Metaspace       used 71368K, capacity 73098K, committed 73328K, reserved 1112064K
  class space    used 9374K, capacity 9987K, committed 10060K, reserved 1048576K
}
Event: 10.879 GC heap after
{Heap after GC invocations=10 (full 0):
 garbage-first heap   total 260096K, used 52467K [0x0000000080000000, 0x0000000100000000)
  region size 1024K, 9 young (9216K), 9 survivors (9216K)
 Metaspace       used 71368K, capacity 73098K, committed 73328K, reserved 1112064K
  class space    used 9374K, capacity 9987K, committed 10060K, reserved 1048576K
}
Event: 12.580 GC heap before
{Heap before GC invocations=10 (full 0):
 garbage-first heap   total 260096K, used 191731K [0x0000000080000000, 0x0000000100000000)
  region size 1024K, 146 young (149504K), 9 survivors (9216K)
 Metaspace       used 76463K, capacity 78461K, committed 78576K, reserved 1118208K
  class space    used 9931K, capacity 10629K, committed 10700K, reserved 1048576K
}
Event: 12.600 GC heap after
{Heap after GC invocations=11 (full 0):
 garbage-first heap   total 260096K, used 61149K [0x0000000080000000, 0x0000000100000000)
  region size 1024K, 18 young (18432K), 18 survivors (18432K)
 Metaspace       used 76463K, capacity 78461K, committed 78576K, reserved 1118208K
  class space    used 9931K, capacity 10629K, committed 10700K, reserved 1048576K
}

