# JRE version: OpenJDK Runtime Environment (11.0.8+10) (build 11.0.8+10-b944.6842174)
# Java VM: OpenJDK 64-Bit Server VM (11.0.8+10-b944.6842174, mixed mode, tiered, compressed oops, g1 gc, windows-amd64)
Heap:
 garbage-first heap   total 397312K, used 223061K [0x0000000080000000, 0x0000000100000000)
  region size 1024K, 4 young (4096K), 4 survivors (4096K)
 Metaspace       used 99219K, capacity 101803K, committed 102140K, reserved 1138688K
  class space    used 12640K, capacity 13583K, committed 13696K, reserved 1048576K
GC Heap History (20 events):
Event: 33.667 GC heap after
{Heap after GC invocations=25 (full 0):
 garbage-first heap   total 269312K, used 194951K [0x0000000080000000, 0x0000000100000000)
  region size 1024K, 3 young (3072K), 3 survivors (3072K)
 Metaspace       used 94310K, capacity 96628K, committed 96892K, reserved 1132544K
  class space    used 12063K, capacity 12900K, committed 13056K, reserved 1048576K
}
Event: 33.723 GC heap before
{Heap before GC invocations=25 (full 0):
 garbage-first heap   total 269312K, used 215431K [0x0000000080000000, 0x0000000100000000)
  region size 1024K, 23 young (23552K), 3 survivors (3072K)
 Metaspace       used 94537K, capacity 96868K, committed 97148K, reserved 1134592K
  class space    used 12088K, capacity 12938K, committed 13056K, reserved 1048576K
}
Event: 33.729 GC heap after
{Heap after GC invocations=26 (full 0):
 garbage-first heap   total 269312K, used 199354K [0x0000000080000000, 0x0000000100000000)
  region size 1024K, 3 young (3072K), 3 survivors (3072K)
 Metaspace       used 94537K, capacity 96868K, committed 97148K, reserved 1134592K
  class space    used 12088K, capacity 12938K, committed 13056K, reserved 1048576K
}
Event: 33.894 GC heap before
{Heap before GC invocations=26 (full 0):
 garbage-first heap   total 269312K, used 228026K [0x0000000080000000, 0x0000000100000000)
  region size 1024K, 23 young (23552K), 3 survivors (3072K)
 Metaspace       used 94774K, capacity 97065K, committed 97404K, reserved 1134592K
  class space    used 12103K, capacity 12939K, committed 13056K, reserved 1048576K
}
Event: 33.903 GC heap after
{Heap after GC invocations=27 (full 0):
 garbage-first heap   total 269312K, used 212613K [0x0000000080000000, 0x0000000100000000)
  region size 1024K, 3 young (3072K), 3 survivors (3072K)
 Metaspace       used 94774K, capacity 97065K, committed 97404K, reserved 1134592K
  class space    used 12103K, capacity 12939K, committed 13056K, reserved 1048576K
}
Event: 33.957 GC heap before
{Heap before GC invocations=27 (full 0):
 garbage-first heap   total 269312K, used 227973K [0x0000000080000000, 0x0000000100000000)
  region size 1024K, 18 young (18432K), 3 survivors (3072K)
 Metaspace       used 94812K, capacity 97129K, committed 97404K, reserved 1134592K
  class space    used 12112K, capacity 12939K, committed 13056K, reserved 1048576K
}
Event: 33.962 GC heap after
{Heap after GC invocations=28 (full 0):
 garbage-first heap   total 269312K, used 214196K [0x0000000080000000, 0x0000000100000000)
  region size 1024K, 2 young (2048K), 2 survivors (2048K)
 Metaspace       used 94812K, capacity 97129K, committed 97404K, reserved 1134592K
  class space    used 12112K, capacity 12939K, committed 13056K, reserved 1048576K
}
Event: 34.010 GC heap before
{Heap before GC invocations=28 (full 0):
 garbage-first heap   total 269312K, used 228532K [0x0000000080000000, 0x0000000100000000)
  region size 1024K, 16 young (16384K), 2 survivors (2048K)
 Metaspace       used 94829K, capacity 97129K, committed 97404K, reserved 1134592K
  class space    used 12112K, capacity 12939K, committed 13056K, reserved 1048576K
}
Event: 34.014 GC heap after
{Heap after GC invocations=29 (full 0):
 garbage-first heap   total 269312K, used 215734K [0x0000000080000000, 0x0000000100000000)
  region size 1024K, 2 young (2048K), 2 survivors (2048K)
 Metaspace       used 94829K, capacity 97129K, committed 97404K, reserved 1134592K
  class space    used 12112K, capacity 12939K, committed 13056K, reserved 1048576K
}
Event: 34.107 GC heap before
{Heap before GC invocations=29 (full 0):
 garbage-first heap   total 269312K, used 228022K [0x0000000080000000, 0x0000000100000000)
  region size 1024K, 16 young (16384K), 2 survivors (2048K)
 Metaspace       used 95230K, capacity 97554K, committed 97916K, reserved 1134592K
  class space    used 12135K, capacity 12974K, committed 13056K, reserved 1048576K
}
Event: 34.112 GC heap after
{Heap after GC invocations=30 (full 0):
 garbage-first heap   total 269312K, used 215854K [0x0000000080000000, 0x0000000100000000)
  region size 1024K, 2 young (2048K), 2 survivors (2048K)
 Metaspace       used 95230K, capacity 97554K, committed 97916K, reserved 1134592K
  class space    used 12135K, capacity 12974K, committed 13056K, reserved 1048576K
}
Event: 34.186 GC heap before
{Heap before GC invocations=30 (full 0):
 garbage-first heap   total 269312K, used 231214K [0x0000000080000000, 0x0000000100000000)
  region size 1024K, 17 young (17408K), 2 survivors (2048K)
 Metaspace       used 95299K, capacity 97618K, committed 97916K, reserved 1134592K
  class space    used 12136K, capacity 12974K, committed 13056K, reserved 1048576K
}
Event: 34.190 GC heap after
{Heap after GC invocations=31 (full 0):
 garbage-first heap   total 323584K, used 215509K [0x0000000080000000, 0x0000000100000000)
  region size 1024K, 1 young (1024K), 1 survivors (1024K)
 Metaspace       used 95299K, capacity 97618K, committed 97916K, reserved 1134592K
  class space    used 12136K, capacity 12974K, committed 13056K, reserved 1048576K
}
Event: 34.515 GC heap before
{Heap before GC invocations=32 (full 0):
 garbage-first heap   total 323584K, used 251349K [0x0000000080000000, 0x0000000100000000)
  region size 1024K, 37 young (37888K), 1 survivors (1024K)
 Metaspace       used 95444K, capacity 97805K, committed 97916K, reserved 1134592K
  class space    used 12147K, capacity 12988K, committed 13056K, reserved 1048576K
}
Event: 34.518 GC heap after
{Heap after GC invocations=33 (full 0):
 garbage-first heap   total 323584K, used 215739K [0x0000000080000000, 0x0000000100000000)
  region size 1024K, 1 young (1024K), 1 survivors (1024K)
 Metaspace       used 95444K, capacity 97805K, committed 97916K, reserved 1134592K
  class space    used 12147K, capacity 12988K, committed 13056K, reserved 1048576K
}
Event: 34.565 GC heap before
{Heap before GC invocations=33 (full 0):
 garbage-first heap   total 323584K, used 218811K [0x0000000080000000, 0x0000000100000000)
  region size 1024K, 5 young (5120K), 1 survivors (1024K)
 Metaspace       used 95596K, capacity 97925K, committed 98172K, reserved 1134592K
  class space    used 12165K, capacity 13003K, committed 13056K, reserved 1048576K
}
Event: 34.569 GC heap after
{Heap after GC invocations=34 (full 0):
 garbage-first heap   total 323584K, used 215728K [0x0000000080000000, 0x0000000100000000)
  region size 1024K, 1 young (1024K), 1 survivors (1024K)
 Metaspace       used 95596K, capacity 97925K, committed 98172K, reserved 1134592K
  class space    used 12165K, capacity 13003K, committed 13056K, reserved 1048576K
}
Event: 34.949 GC heap before
{Heap before GC invocations=34 (full 0):
 garbage-first heap   total 323584K, used 268976K [0x0000000080000000, 0x0000000100000000)
  region size 1024K, 34 young (34816K), 1 survivors (1024K)
 Metaspace       used 97202K, capacity 99679K, committed 99964K, reserved 1136640K
  class space    used 12377K, capacity 13256K, committed 13312K, reserved 1048576K
}
Event: 34.959 GC heap after
{Heap after GC invocations=35 (full 0):
 garbage-first heap   total 323584K, used 238298K [0x0000000080000000, 0x0000000100000000)
  region size 1024K, 5 young (5120K), 5 survivors (5120K)
 Metaspace       used 97202K, capacity 99679K, committed 99964K, reserved 1136640K
  class space    used 12377K, capacity 13256K, committed 13312K, reserved 1048576K
}
Event: 35.221 GC heap before
{Heap before GC invocations=36 (full 0):
 garbage-first heap   total 323584K, used 263898K [0x0000000080000000, 0x0000000100000000)
  region size 1024K, 30 young (30720K), 5 survivors (5120K)
 Metaspace       used 99219K, capacity 101803K, committed 102140K, reserved 1138688K
  class space    used 12640K, capacity 13583K, committed 13696K, reserved 1048576K
}

