# JRE version: OpenJDK Runtime Environment (11.0.8+10) (build 11.0.8+10-b944.6842174)
# Java VM: OpenJDK 64-Bit Server VM (11.0.8+10-b944.6842174, mixed mode, tiered, compressed oops, g1 gc, windows-amd64)
Heap:
 garbage-first heap   total 403456K, used 181214K [0x0000000080000000, 0x0000000100000000)
  region size 1024K, 38 young (38912K), 9 survivors (9216K)
 Metaspace       used 107016K, capacity 109897K, committed 110204K, reserved 1144832K
  class space    used 13681K, capacity 14772K, committed 14848K, reserved 1048576K
GC Heap History (20 events):
Event: 17.760 GC heap before
{Heap before GC invocations=24 (full 0):
 garbage-first heap   total 335872K, used 252550K [0x0000000080000000, 0x0000000100000000)
  region size 1024K, 57 young (58368K), 7 survivors (7168K)
 Metaspace       used 88548K, capacity 90852K, committed 91132K, reserved 1128448K
  class space    used 11546K, capacity 12367K, committed 12416K, reserved 1048576K
}
Event: 17.773 GC heap after
{Heap after GC invocations=25 (full 0):
 garbage-first heap   total 335872K, used 207849K [0x0000000080000000, 0x0000000100000000)
  region size 1024K, 7 young (7168K), 7 survivors (7168K)
 Metaspace       used 88548K, capacity 90852K, committed 91132K, reserved 1128448K
  class space    used 11546K, capacity 12367K, committed 12416K, reserved 1048576K
}
Event: 18.078 GC heap before
{Heap before GC invocations=26 (full 0):
 garbage-first heap   total 335872K, used 255977K [0x0000000080000000, 0x0000000100000000)
  region size 1024K, 54 young (55296K), 7 survivors (7168K)
 Metaspace       used 89015K, capacity 91277K, committed 91388K, reserved 1128448K
  class space    used 11585K, capacity 12402K, committed 12416K, reserved 1048576K
}
Event: 18.086 GC heap after
{Heap after GC invocations=27 (full 0):
 garbage-first heap   total 335872K, used 211113K [0x0000000080000000, 0x0000000100000000)
  region size 1024K, 5 young (5120K), 5 survivors (5120K)
 Metaspace       used 89015K, capacity 91277K, committed 91388K, reserved 1128448K
  class space    used 11585K, capacity 12402K, committed 12416K, reserved 1048576K
}
Event: 18.296 GC heap before
{Heap before GC invocations=27 (full 0):
 garbage-first heap   total 335872K, used 251049K [0x0000000080000000, 0x0000000100000000)
  region size 1024K, 46 young (47104K), 5 survivors (5120K)
 Metaspace       used 89390K, capacity 91649K, committed 91772K, reserved 1128448K
  class space    used 11613K, capacity 12431K, committed 12544K, reserved 1048576K
}
Event: 18.300 GC heap after
{Heap after GC invocations=28 (full 0):
 garbage-first heap   total 335872K, used 210570K [0x0000000080000000, 0x0000000100000000)
  region size 1024K, 1 young (1024K), 1 survivors (1024K)
 Metaspace       used 89390K, capacity 91649K, committed 91772K, reserved 1128448K
  class space    used 11613K, capacity 12431K, committed 12544K, reserved 1048576K
}
Event: 19.266 GC heap before
{Heap before GC invocations=29 (full 0):
 garbage-first heap   total 335872K, used 285322K [0x0000000080000000, 0x0000000100000000)
  region size 1024K, 56 young (57344K), 1 survivors (1024K)
 Metaspace       used 96515K, capacity 98780K, committed 99068K, reserved 1134592K
  class space    used 12515K, capacity 13378K, committed 13440K, reserved 1048576K
}
Event: 19.272 GC heap after
{Heap after GC invocations=30 (full 0):
 garbage-first heap   total 335872K, used 215521K [0x0000000080000000, 0x0000000100000000)
  region size 1024K, 5 young (5120K), 5 survivors (5120K)
 Metaspace       used 96515K, capacity 98780K, committed 99068K, reserved 1134592K
  class space    used 12515K, capacity 13378K, committed 13440K, reserved 1048576K
}
Event: 19.774 GC heap before
{Heap before GC invocations=30 (full 0):
 garbage-first heap   total 335872K, used 226785K [0x0000000080000000, 0x0000000100000000)
  region size 1024K, 16 young (16384K), 5 survivors (5120K)
 Metaspace       used 96818K, capacity 99238K, committed 99324K, reserved 1134592K
  class space    used 12548K, capacity 13423K, committed 13440K, reserved 1048576K
}
Event: 19.781 GC heap after
{Heap after GC invocations=31 (full 0):
 garbage-first heap   total 335872K, used 201296K [0x0000000080000000, 0x0000000100000000)
  region size 1024K, 2 young (2048K), 2 survivors (2048K)
 Metaspace       used 96818K, capacity 99238K, committed 99324K, reserved 1134592K
  class space    used 12548K, capacity 13423K, committed 13440K, reserved 1048576K
}
Event: 20.745 GC heap before
{Heap before GC invocations=31 (full 0):
 garbage-first heap   total 335872K, used 264784K [0x0000000080000000, 0x0000000100000000)
  region size 1024K, 64 young (65536K), 2 survivors (2048K)
 Metaspace       used 99822K, capacity 102325K, committed 102524K, reserved 1138688K
  class space    used 12805K, capacity 13739K, committed 13824K, reserved 1048576K
}
Event: 20.759 GC heap after
{Heap after GC invocations=32 (full 0):
 garbage-first heap   total 335872K, used 209560K [0x0000000080000000, 0x0000000100000000)
  region size 1024K, 8 young (8192K), 8 survivors (8192K)
 Metaspace       used 99822K, capacity 102325K, committed 102524K, reserved 1138688K
  class space    used 12805K, capacity 13739K, committed 13824K, reserved 1048576K
}
Event: 21.515 GC heap before
{Heap before GC invocations=33 (full 0):
 garbage-first heap   total 335872K, used 219800K [0x0000000080000000, 0x0000000100000000)
  region size 1024K, 67 young (68608K), 8 survivors (8192K)
 Metaspace       used 101878K, capacity 104357K, committed 104572K, reserved 1140736K
  class space    used 13076K, capacity 14044K, committed 14080K, reserved 1048576K
}
Event: 21.533 GC heap after
{Heap after GC invocations=34 (full 0):
 garbage-first heap   total 335872K, used 168952K [0x0000000080000000, 0x0000000100000000)
  region size 1024K, 9 young (9216K), 9 survivors (9216K)
 Metaspace       used 101878K, capacity 104357K, committed 104572K, reserved 1140736K
  class space    used 13076K, capacity 14044K, committed 14080K, reserved 1048576K
}
Event: 21.574 GC heap before
{Heap before GC invocations=34 (full 0):
 garbage-first heap   total 335872K, used 176120K [0x0000000080000000, 0x0000000100000000)
  region size 1024K, 16 young (16384K), 9 survivors (9216K)
 Metaspace       used 102270K, capacity 104763K, committed 104956K, reserved 1140736K
  class space    used 13143K, capacity 14116K, committed 14208K, reserved 1048576K
}
Event: 21.590 GC heap after
{Heap after GC invocations=35 (full 0):
 garbage-first heap   total 403456K, used 138460K [0x0000000080000000, 0x0000000100000000)
  region size 1024K, 2 young (2048K), 2 survivors (2048K)
 Metaspace       used 102270K, capacity 104763K, committed 104956K, reserved 1140736K
  class space    used 13143K, capacity 14116K, committed 14208K, reserved 1048576K
}
Event: 21.768 GC heap before
{Heap before GC invocations=35 (full 0):
 garbage-first heap   total 403456K, used 154844K [0x0000000080000000, 0x0000000100000000)
  region size 1024K, 19 young (19456K), 2 survivors (2048K)
 Metaspace       used 103929K, capacity 106564K, committed 106748K, reserved 1142784K
  class space    used 13378K, capacity 14402K, committed 14464K, reserved 1048576K
}
Event: 21.776 GC heap after
{Heap after GC invocations=36 (full 0):
 garbage-first heap   total 403456K, used 122404K [0x0000000080000000, 0x0000000100000000)
  region size 1024K, 1 young (1024K), 1 survivors (1024K)
 Metaspace       used 103929K, capacity 106564K, committed 106748K, reserved 1142784K
  class space    used 13378K, capacity 14402K, committed 14464K, reserved 1048576K
}
Event: 22.603 GC heap before
{Heap before GC invocations=36 (full 0):
 garbage-first heap   total 403456K, used 241188K [0x0000000080000000, 0x0000000100000000)
  region size 1024K, 116 young (118784K), 1 survivors (1024K)
 Metaspace       used 105110K, capacity 107840K, committed 108156K, reserved 1142784K
  class space    used 13439K, capacity 14476K, committed 14592K, reserved 1048576K
}
Event: 22.611 GC heap after
{Heap after GC invocations=37 (full 0):
 garbage-first heap   total 403456K, used 130014K [0x0000000080000000, 0x0000000100000000)
  region size 1024K, 9 young (9216K), 9 survivors (9216K)
 Metaspace       used 105110K, capacity 107840K, committed 108156K, reserved 1142784K
  class space    used 13439K, capacity 14476K, committed 14592K, reserved 1048576K
}

